[INFO] Scanning for projects...
[INFO] 
[INFO] ------------------------< com.lzb:lzb-indexer >-------------------------
[INFO] Building LZB Token Indexer 1.0.0
[INFO] --------------------------------[ jar ]---------------------------------
[INFO] 
[INFO] >>> spring-boot-maven-plugin:2.7.18:run (default-cli) > test-compile @ lzb-indexer >>>
[INFO] 
[INFO] --- maven-resources-plugin:3.2.0:resources (default-resources) @ lzb-indexer ---
[INFO] Using 'UTF-8' encoding to copy filtered resources.
[INFO] Using 'UTF-8' encoding to copy filtered properties files.
[INFO] Copying 1 resource
[INFO] Copying 1 resource
[INFO] 
[INFO] --- maven-compiler-plugin:3.10.1:compile (default-compile) @ lzb-indexer ---
[INFO] Nothing to compile - all classes are up to date
[INFO] 
[INFO] --- maven-resources-plugin:3.2.0:testResources (default-testResources) @ lzb-indexer ---
[INFO] Using 'UTF-8' encoding to copy filtered resources.
[INFO] Using 'UTF-8' encoding to copy filtered properties files.
[INFO] skip non existing resourceDirectory D:\lzkcomp\web3\lzb-indexer\src\test\resources
[INFO] 
[INFO] --- maven-compiler-plugin:3.10.1:testCompile (default-testCompile) @ lzb-indexer ---
[INFO] No sources to compile
[INFO] 
[INFO] <<< spring-boot-maven-plugin:2.7.18:run (default-cli) < test-compile @ lzb-indexer <<<
[INFO] 
[INFO] 
[INFO] --- spring-boot-maven-plugin:2.7.18:run (default-cli) @ lzb-indexer ---
[INFO] Attaching agents: []

  .   ____          _            __ _ _
 /\\ / ___'_ __ _ _(_)_ __  __ _ \ \ \ \
( ( )\___ | '_ | '_| | '_ \/ _` | \ \ \ \
 \\/  ___)| |_)| | | | | || (_| |  ) ) ) )
  '  |____| .__|_| |_|_| |_\__, | / / / /
 =========|_|==============|___/=/_/_/_/
 :: Spring Boot ::               (v2.7.18)

2026-06-05 14:08:20.865  INFO 20004 --- [           main] com.lzb.indexer.LzbIndexerApplication    : Starting LzbIndexerApplication using Java 1.8.0_311 on lzkcomp with PID 20004 (D:\lzkcomp\web3\lzb-indexer\target\classes started by ÁşÖÇżµ in D:\lzkcomp\web3\lzb-indexer)
2026-06-05 14:08:20.869  INFO 20004 --- [           main] com.lzb.indexer.LzbIndexerApplication    : No active profile set, falling back to 1 default profile: "default"
2026-06-05 14:08:21.858  INFO 20004 --- [           main] .s.d.r.c.RepositoryConfigurationDelegate : Bootstrapping Spring Data JPA repositories in DEFAULT mode.
2026-06-05 14:08:21.939  INFO 20004 --- [           main] .s.d.r.c.RepositoryConfigurationDelegate : Finished Spring Data repository scanning in 66 ms. Found 3 JPA repository interfaces.
2026-06-05 14:08:24.522  INFO 20004 --- [           main] o.s.b.w.embedded.tomcat.TomcatWebServer  : Tomcat initialized with port(s): 8080 (http)
2026-06-05 14:08:24.533  INFO 20004 --- [           main] o.apache.catalina.core.StandardService   : Starting service [Tomcat]
2026-06-05 14:08:24.534  INFO 20004 --- [           main] org.apache.catalina.core.StandardEngine  : Starting Servlet engine: [Apache Tomcat/9.0.83]
2026-06-05 14:08:24.759  INFO 20004 --- [           main] o.a.c.c.C.[Tomcat].[localhost].[/]       : Initializing Spring embedded WebApplicationContext
2026-06-05 14:08:24.760  INFO 20004 --- [           main] w.s.c.ServletWebServerApplicationContext : Root WebApplicationContext: initialization completed in 3807 ms
2026-06-05 14:08:24.800  INFO 20004 --- [           main] com.zaxxer.hikari.HikariDataSource       : HikariPool-1 - Starting...
2026-06-05 14:08:24.988  INFO 20004 --- [           main] com.zaxxer.hikari.HikariDataSource       : HikariPool-1 - Start completed.
2026-06-05 14:08:25.003  INFO 20004 --- [           main] o.s.b.a.h2.H2ConsoleAutoConfiguration    : H2 console available at '/h2-console'. Database available at 'jdbc:h2:file:./data/lzb-indexer'
2026-06-05 14:08:25.169  INFO 20004 --- [           main] o.hibernate.jpa.internal.util.LogHelper  : HHH000204: Processing PersistenceUnitInfo [name: default]
2026-06-05 14:08:25.314  INFO 20004 --- [           main] org.hibernate.Version                    : HHH000412: Hibernate ORM core version 5.6.15.Final
2026-06-05 14:08:25.467  INFO 20004 --- [           main] o.hibernate.annotations.common.Version   : HCANN000001: Hibernate Commons Annotations {5.1.2.Final}
2026-06-05 14:08:25.565  INFO 20004 --- [           main] org.hibernate.dialect.Dialect            : HHH000400: Using dialect: org.hibernate.dialect.H2Dialect
2026-06-05 14:08:26.185  INFO 20004 --- [           main] o.h.e.t.j.p.i.JtaPlatformInitiator       : HHH000490: Using JtaPlatform implementation: [org.hibernate.engine.transaction.jta.platform.internal.NoJtaPlatform]
2026-06-05 14:08:26.197  INFO 20004 --- [           main] j.LocalContainerEntityManagerFactoryBean : Initialized JPA EntityManagerFactory for persistence unit 'default'
2026-06-05 14:08:28.952  WARN 20004 --- [           main] ConfigServletWebServerApplicationContext : Exception encountered during context initialization - cancelling refresh attempt: org.springframework.beans.factory.UnsatisfiedDependencyException: Error creating bean with name 'indexerController' defined in file [D:\lzkcomp\web3\lzb-indexer\target\classes\com\lzb\indexer\controller\IndexerController.class]: Unsatisfied dependency expressed through constructor parameter 0; nested exception is org.springframework.beans.factory.BeanCreationException: Error creating bean with name 'blockScanner' defined in file [D:\lzkcomp\web3\lzb-indexer\target\classes\com\lzb\indexer\scanner\BlockScanner.class]: Bean instantiation via constructor failed; nested exception is org.springframework.beans.BeanInstantiationException: Failed to instantiate [com.lzb.indexer.scanner.BlockScanner]: Constructor threw exception; nested exception is java.lang.Error: Unresolved compilation problems: 
	safeTip cannot be resolved to a variable
	safeTip cannot be resolved to a variable
	safeTip cannot be resolved to a variable
	safeTip cannot be resolved to a variable
	fromBlock cannot be resolved to a variable
	safeTip cannot be resolved to a variable
	fromBlock cannot be resolved to a variable
	fromBlock cannot be resolved to a variable
	fromBlock cannot be resolved to a variable
	fromBlock cannot be resolved to a variable
	checkpoint cannot be resolved
	checkpoint cannot be resolved to a variable
	safeTip cannot be resolved to a variable
	Syntax error, insert "Finally" to complete TryStatement
	Syntax error on token "catch", Identifier expected
	Syntax error on token "finally", delete this token
	Syntax error on token "}", delete this token

2026-06-05 14:08:28.954  INFO 20004 --- [           main] j.LocalContainerEntityManagerFactoryBean : Closing JPA EntityManagerFactory for persistence unit 'default'
2026-06-05 14:08:28.957  INFO 20004 --- [           main] com.zaxxer.hikari.HikariDataSource       : HikariPool-1 - Shutdown initiated...
2026-06-05 14:08:29.057  INFO 20004 --- [           main] com.zaxxer.hikari.HikariDataSource       : HikariPool-1 - Shutdown completed.
2026-06-05 14:08:29.059  INFO 20004 --- [           main] o.apache.catalina.core.StandardService   : Stopping service [Tomcat]
2026-06-05 14:08:29.077  INFO 20004 --- [           main] ConditionEvaluationReportLoggingListener : 

Error starting ApplicationContext. To display the conditions report re-run your application with 'debug' enabled.
2026-06-05 14:08:29.103 ERROR 20004 --- [           main] o.s.boot.SpringApplication               : Application run failed

org.springframework.beans.factory.UnsatisfiedDependencyException: Error creating bean with name 'indexerController' defined in file [D:\lzkcomp\web3\lzb-indexer\target\classes\com\lzb\indexer\controller\IndexerController.class]: Unsatisfied dependency expressed through constructor parameter 0; nested exception is org.springframework.beans.factory.BeanCreationException: Error creating bean with name 'blockScanner' defined in file [D:\lzkcomp\web3\lzb-indexer\target\classes\com\lzb\indexer\scanner\BlockScanner.class]: Bean instantiation via constructor failed; nested exception is org.springframework.beans.BeanInstantiationException: Failed to instantiate [com.lzb.indexer.scanner.BlockScanner]: Constructor threw exception; nested exception is java.lang.Error: Unresolved compilation problems: 
	safeTip cannot be resolved to a variable
	safeTip cannot be resolved to a variable
	safeTip cannot be resolved to a variable
	safeTip cannot be resolved to a variable
	fromBlock cannot be resolved to a variable
	safeTip cannot be resolved to a variable
	fromBlock cannot be resolved to a variable
	fromBlock cannot be resolved to a variable
	fromBlock cannot be resolved to a variable
	fromBlock cannot be resolved to a variable
	checkpoint cannot be resolved
	checkpoint cannot be resolved to a variable
	safeTip cannot be resolved to a variable
	Syntax error, insert "Finally" to complete TryStatement
	Syntax error on token "catch", Identifier expected
	Syntax error on token "finally", delete this token
	Syntax error on token "}", delete this token

	at org.springframework.beans.factory.support.ConstructorResolver.createArgumentArray(ConstructorResolver.java:801) ~[spring-beans-5.3.31.jar:5.3.31]
	at org.springframework.beans.factory.support.ConstructorResolver.autowireConstructor(ConstructorResolver.java:224) ~[spring-beans-5.3.31.jar:5.3.31]
	at org.springframework.beans.factory.support.AbstractAutowireCapableBeanFactory.autowireConstructor(AbstractAutowireCapableBeanFactory.java:1372) ~[spring-beans-5.3.31.jar:5.3.31]
	at org.springframework.beans.factory.support.AbstractAutowireCapableBeanFactory.createBeanInstance(AbstractAutowireCapableBeanFactory.java:1222) ~[spring-beans-5.3.31.jar:5.3.31]
	at org.springframework.beans.factory.support.AbstractAutowireCapableBeanFactory.doCreateBean(AbstractAutowireCapableBeanFactory.java:582) ~[spring-beans-5.3.31.jar:5.3.31]
	at org.springframework.beans.factory.support.AbstractAutowireCapableBeanFactory.createBean(AbstractAutowireCapableBeanFactory.java:542) ~[spring-beans-5.3.31.jar:5.3.31]
	at org.springframework.beans.factory.support.AbstractBeanFactory.lambda$doGetBean$0(AbstractBeanFactory.java:335) ~[spring-beans-5.3.31.jar:5.3.31]
	at org.springframework.beans.factory.support.DefaultSingletonBeanRegistry.getSingleton(DefaultSingletonBeanRegistry.java:234) ~[spring-beans-5.3.31.jar:5.3.31]
	at org.springframework.beans.factory.support.AbstractBeanFactory.doGetBean(AbstractBeanFactory.java:333) ~[spring-beans-5.3.31.jar:5.3.31]
	at org.springframework.beans.factory.support.AbstractBeanFactory.getBean(AbstractBeanFactory.java:208) ~[spring-beans-5.3.31.jar:5.3.31]
	at org.springframework.beans.factory.support.DefaultListableBeanFactory.preInstantiateSingletons(DefaultListableBeanFactory.java:955) ~[spring-beans-5.3.31.jar:5.3.31]
	at org.springframework.context.support.AbstractApplicationContext.finishBeanFactoryInitialization(AbstractApplicationContext.java:929) ~[spring-context-5.3.31.jar:5.3.31]
	at org.springframework.context.support.AbstractApplicationContext.refresh(AbstractApplicationContext.java:591) ~[spring-context-5.3.31.jar:5.3.31]
	at org.springframework.boot.web.servlet.context.ServletWebServerApplicationContext.refresh(ServletWebServerApplicationContext.java:147) ~[spring-boot-2.7.18.jar:2.7.18]
	at org.springframework.boot.SpringApplication.refresh(SpringApplication.java:732) [spring-boot-2.7.18.jar:2.7.18]
	at org.springframework.boot.SpringApplication.refreshContext(SpringApplication.java:409) [spring-boot-2.7.18.jar:2.7.18]
	at org.springframework.boot.SpringApplication.run(SpringApplication.java:308) [spring-boot-2.7.18.jar:2.7.18]
	at org.springframework.boot.SpringApplication.run(SpringApplication.java:1300) [spring-boot-2.7.18.jar:2.7.18]
	at org.springframework.boot.SpringApplication.run(SpringApplication.java:1289) [spring-boot-2.7.18.jar:2.7.18]
	at com.lzb.indexer.LzbIndexerApplication.main(LzbIndexerApplication.java:9) [classes/:na]
Caused by: org.springframework.beans.factory.BeanCreationException: Error creating bean with name 'blockScanner' defined in file [D:\lzkcomp\web3\lzb-indexer\target\classes\com\lzb\indexer\scanner\BlockScanner.class]: Bean instantiation via constructor failed; nested exception is org.springframework.beans.BeanInstantiationException: Failed to instantiate [com.lzb.indexer.scanner.BlockScanner]: Constructor threw exception; nested exception is java.lang.Error: Unresolved compilation problems: 
	safeTip cannot be resolved to a variable
	safeTip cannot be resolved to a variable
	safeTip cannot be resolved to a variable
	safeTip cannot be resolved to a variable
	fromBlock cannot be resolved to a variable
	safeTip cannot be resolved to a variable
	fromBlock cannot be resolved to a variable
	fromBlock cannot be resolved to a variable
	fromBlock cannot be resolved to a variable
	fromBlock cannot be resolved to a variable
	checkpoint cannot be resolved
	checkpoint cannot be resolved to a variable
	safeTip cannot be resolved to a variable
	Syntax error, insert "Finally" to complete TryStatement
	Syntax error on token "catch", Identifier expected
	Syntax error on token "finally", delete this token
	Syntax error on token "}", delete this token

	at org.springframework.beans.factory.support.ConstructorResolver.instantiate(ConstructorResolver.java:310) ~[spring-beans-5.3.31.jar:5.3.31]
	at org.springframework.beans.factory.support.ConstructorResolver.autowireConstructor(ConstructorResolver.java:291) ~[spring-beans-5.3.31.jar:5.3.31]
	at org.springframework.beans.factory.support.AbstractAutowireCapableBeanFactory.autowireConstructor(AbstractAutowireCapableBeanFactory.java:1372) ~[spring-beans-5.3.31.jar:5.3.31]
	at org.springframework.beans.factory.support.AbstractAutowireCapableBeanFactory.createBeanInstance(AbstractAutowireCapableBeanFactory.java:1222) ~[spring-beans-5.3.31.jar:5.3.31]
	at org.springframework.beans.factory.support.AbstractAutowireCapableBeanFactory.doCreateBean(AbstractAutowireCapableBeanFactory.java:582) ~[spring-beans-5.3.31.jar:5.3.31]
	at org.springframework.beans.factory.support.AbstractAutowireCapableBeanFactory.createBean(AbstractAutowireCapableBeanFactory.java:542) ~[spring-beans-5.3.31.jar:5.3.31]
	at org.springframework.beans.factory.support.AbstractBeanFactory.lambda$doGetBean$0(AbstractBeanFactory.java:335) ~[spring-beans-5.3.31.jar:5.3.31]
	at org.springframework.beans.factory.support.DefaultSingletonBeanRegistry.getSingleton(DefaultSingletonBeanRegistry.java:234) ~[spring-beans-5.3.31.jar:5.3.31]
	at org.springframework.beans.factory.support.AbstractBeanFactory.doGetBean(AbstractBeanFactory.java:333) ~[spring-beans-5.3.31.jar:5.3.31]
	at org.springframework.beans.factory.support.AbstractBeanFactory.getBean(AbstractBeanFactory.java:208) ~[spring-beans-5.3.31.jar:5.3.31]
	at org.springframework.beans.factory.config.DependencyDescriptor.resolveCandidate(DependencyDescriptor.java:276) ~[spring-beans-5.3.31.jar:5.3.31]
	at org.springframework.beans.factory.support.DefaultListableBeanFactory.doResolveDependency(DefaultListableBeanFactory.java:1391) ~[spring-beans-5.3.31.jar:5.3.31]
	at org.springframework.beans.factory.support.DefaultListableBeanFactory.resolveDependency(DefaultListableBeanFactory.java:1311) ~[spring-beans-5.3.31.jar:5.3.31]
	at org.springframework.beans.factory.support.ConstructorResolver.resolveAutowiredArgument(ConstructorResolver.java:911) ~[spring-beans-5.3.31.jar:5.3.31]
	at org.springframework.beans.factory.support.ConstructorResolver.createArgumentArray(ConstructorResolver.java:788) ~[spring-beans-5.3.31.jar:5.3.31]
	... 19 common frames omitted
Caused by: org.springframework.beans.BeanInstantiationException: Failed to instantiate [com.lzb.indexer.scanner.BlockScanner]: Constructor threw exception; nested exception is java.lang.Error: Unresolved compilation problems: 
	safeTip cannot be resolved to a variable
	safeTip cannot be resolved to a variable
	safeTip cannot be resolved to a variable
	safeTip cannot be resolved to a variable
	fromBlock cannot be resolved to a variable
	safeTip cannot be resolved to a variable
	fromBlock cannot be resolved to a variable
	fromBlock cannot be resolved to a variable
	fromBlock cannot be resolved to a variable
	fromBlock cannot be resolved to a variable
	checkpoint cannot be resolved
	checkpoint cannot be resolved to a variable
	safeTip cannot be resolved to a variable
	Syntax error, insert "Finally" to complete TryStatement
	Syntax error on token "catch", Identifier expected
	Syntax error on token "finally", delete this token
	Syntax error on token "}", delete this token

	at org.springframework.beans.BeanUtils.instantiateClass(BeanUtils.java:226) ~[spring-beans-5.3.31.jar:5.3.31]
	at org.springframework.beans.factory.support.SimpleInstantiationStrategy.instantiate(SimpleInstantiationStrategy.java:117) ~[spring-beans-5.3.31.jar:5.3.31]
	at org.springframework.beans.factory.support.ConstructorResolver.instantiate(ConstructorResolver.java:306) ~[spring-beans-5.3.31.jar:5.3.31]
	... 33 common frames omitted
Caused by: java.lang.Error: Unresolved compilation problems: 
	safeTip cannot be resolved to a variable
	safeTip cannot be resolved to a variable
	safeTip cannot be resolved to a variable
	safeTip cannot be resolved to a variable
	fromBlock cannot be resolved to a variable
	safeTip cannot be resolved to a variable
	fromBlock cannot be resolved to a variable
	fromBlock cannot be resolved to a variable
	fromBlock cannot be resolved to a variable
	fromBlock cannot be resolved to a variable
	checkpoint cannot be resolved
	checkpoint cannot be resolved to a variable
	safeTip cannot be resolved to a variable
	Syntax error, insert "Finally" to complete TryStatement
	Syntax error on token "catch", Identifier expected
	Syntax error on token "finally", delete this token
	Syntax error on token "}", delete this token

	at com.lzb.indexer.scanner.BlockScanner.<init>(BlockScanner.java:71) ~[classes/:na]
	at sun.reflect.NativeConstructorAccessorImpl.newInstance0(Native Method) ~[na:1.8.0_311]
	at sun.reflect.NativeConstructorAccessorImpl.newInstance(NativeConstructorAccessorImpl.java:62) ~[na:1.8.0_311]
	at sun.reflect.DelegatingConstructorAccessorImpl.newInstance(DelegatingConstructorAccessorImpl.java:45) ~[na:1.8.0_311]
	at java.lang.reflect.Constructor.newInstance(Constructor.java:423) ~[na:1.8.0_311]
	at org.springframework.beans.BeanUtils.instantiateClass(BeanUtils.java:213) ~[spring-beans-5.3.31.jar:5.3.31]
	... 35 common frames omitted

[INFO] ------------------------------------------------------------------------
[INFO] BUILD FAILURE
[INFO] ------------------------------------------------------------------------
[INFO] Total time:  15.485 s
[INFO] Finished at: 2026-06-05T14:08:29+08:00
[INFO] ------------------------------------------------------------------------
[ERROR] Failed to execute goal org.springframework.boot:spring-boot-maven-plugin:2.7.18:run (default-cli) on project lzb-indexer: Application finished with exit code: 1 -> [Help 1]
[ERROR] 
[ERROR] To see the full stack trace of the errors, re-run Maven with the -e switch.
[ERROR] Re-run Maven using the -X switch to enable full debug logging.
[ERROR] 
[ERROR] For more information about the errors and possible solutions, please read the following articles:
[ERROR] [Help 1] http://cwiki.apache.org/confluence/display/MAVEN/MojoExecutionException
